function run_all_tests()
    % çµ±åˆãƒ†ã‚¹ãƒˆã‚¹ã‚¤ãƒ¼ãƒˆ - ã™ã¹ã¦ã®ãƒ¦ãƒ‹ãƒƒãƒˆãƒ†ã‚¹ãƒˆã‚’å®Ÿè¡Œ
    %
    % Usage:
    %   run_all_tests()

    fprintf('\n');
    fprintf('â•”â•â•â•â•â•â•â•â•â•â•â•â•â•â•â•â•â•â•â•â•â•â•â•â•â•â•â•â•â•â•â•â•â•â•â•â•â•â•â•â•â•â•â•â•â•â•â•â•â•â•â•â•â•â•â•â•â•—\n');
    fprintf('â•‘  Cooperative Tapping Experiment System v2.0            â•‘\n');
    fprintf('â•‘  Unified OOP Architecture - Unit Test Suite            â•‘\n');
    fprintf('â•šâ•â•â•â•â•â•â•â•â•â•â•â•â•â•â•â•â•â•â•â•â•â•â•â•â•â•â•â•â•â•â•â•â•â•â•â•â•â•â•â•â•â•â•â•â•â•â•â•â•â•â•â•â•â•â•â•â•\n');

    % ãƒ†ã‚¹ãƒˆé–‹å§‹æ™‚åˆ»
    test_start_time = datetime('now');

    % ãƒ‘ã‚¹è¿½åŠ 
    addpath(genpath('core'));
    addpath(genpath('experiments'));
    addpath(genpath('tests'));

    % ãƒ†ã‚¹ãƒˆçµæœé›†è¨ˆ
    all_results = struct();
    all_results.tests = {};
    all_results.total = 0;
    all_results.passed = 0;
    all_results.failed = 0;

    %% Test 1: TimingController
    fprintf('\n');
    fprintf('â”Œâ”€â”€â”€â”€â”€â”€â”€â”€â”€â”€â”€â”€â”€â”€â”€â”€â”€â”€â”€â”€â”€â”€â”€â”€â”€â”€â”€â”€â”€â”€â”€â”€â”€â”€â”€â”€â”€â”€â”€â”€â”€â”€â”€â”€â”€â”€â”€â”€â”€â”€â”€â”€â”€â”€â”€â”€â”\n');
    fprintf('â”‚ Running: TimingController Tests                        â”‚\n');
    fprintf('â””â”€â”€â”€â”€â”€â”€â”€â”€â”€â”€â”€â”€â”€â”€â”€â”€â”€â”€â”€â”€â”€â”€â”€â”€â”€â”€â”€â”€â”€â”€â”€â”€â”€â”€â”€â”€â”€â”€â”€â”€â”€â”€â”€â”€â”€â”€â”€â”€â”€â”€â”€â”€â”€â”€â”€â”€â”˜\n');

    try
        test_TimingController();
        all_results.tests{end+1} = struct('name', 'TimingController', 'status', 'PASSED');
        all_results.passed = all_results.passed + 1;
    catch ME
        fprintf('âŒ TimingController tests FAILED: %s\n', ME.message);
        all_results.tests{end+1} = struct('name', 'TimingController', 'status', 'FAILED');
        all_results.failed = all_results.failed + 1;
    end
    all_results.total = all_results.total + 1;

    %% Test 2: DataRecorder
    fprintf('\n');
    fprintf('â”Œâ”€â”€â”€â”€â”€â”€â”€â”€â”€â”€â”€â”€â”€â”€â”€â”€â”€â”€â”€â”€â”€â”€â”€â”€â”€â”€â”€â”€â”€â”€â”€â”€â”€â”€â”€â”€â”€â”€â”€â”€â”€â”€â”€â”€â”€â”€â”€â”€â”€â”€â”€â”€â”€â”€â”€â”€â”\n');
    fprintf('â”‚ Running: DataRecorder Tests                            â”‚\n');
    fprintf('â””â”€â”€â”€â”€â”€â”€â”€â”€â”€â”€â”€â”€â”€â”€â”€â”€â”€â”€â”€â”€â”€â”€â”€â”€â”€â”€â”€â”€â”€â”€â”€â”€â”€â”€â”€â”€â”€â”€â”€â”€â”€â”€â”€â”€â”€â”€â”€â”€â”€â”€â”€â”€â”€â”€â”€â”€â”˜\n');

    try
        test_DataRecorder();
        all_results.tests{end+1} = struct('name', 'DataRecorder', 'status', 'PASSED');
        all_results.passed = all_results.passed + 1;
    catch ME
        fprintf('âŒ DataRecorder tests FAILED: %s\n', ME.message);
        all_results.tests{end+1} = struct('name', 'DataRecorder', 'status', 'FAILED');
        all_results.failed = all_results.failed + 1;
    end
    all_results.total = all_results.total + 1;

    %% Test 3: Models (SEA, Bayesian, BIB)
    fprintf('\n');
    fprintf('â”Œâ”€â”€â”€â”€â”€â”€â”€â”€â”€â”€â”€â”€â”€â”€â”€â”€â”€â”€â”€â”€â”€â”€â”€â”€â”€â”€â”€â”€â”€â”€â”€â”€â”€â”€â”€â”€â”€â”€â”€â”€â”€â”€â”€â”€â”€â”€â”€â”€â”€â”€â”€â”€â”€â”€â”€â”€â”\n');
    fprintf('â”‚ Running: Model Classes Tests (SEA/Bayesian/BIB)        â”‚\n');
    fprintf('â””â”€â”€â”€â”€â”€â”€â”€â”€â”€â”€â”€â”€â”€â”€â”€â”€â”€â”€â”€â”€â”€â”€â”€â”€â”€â”€â”€â”€â”€â”€â”€â”€â”€â”€â”€â”€â”€â”€â”€â”€â”€â”€â”€â”€â”€â”€â”€â”€â”€â”€â”€â”€â”€â”€â”€â”€â”˜\n');

    try
        test_Models();
        all_results.tests{end+1} = struct('name', 'Models', 'status', 'PASSED');
        all_results.passed = all_results.passed + 1;
    catch ME
        fprintf('âŒ Model tests FAILED: %s\n', ME.message);
        all_results.tests{end+1} = struct('name', 'Models', 'status', 'FAILED');
        all_results.failed = all_results.failed + 1;
    end
    all_results.total = all_results.total + 1;

    %% Final Report
    test_end_time = datetime('now');
    duration = test_end_time - test_start_time;

    fprintf('\n');
    fprintf('â•”â•â•â•â•â•â•â•â•â•â•â•â•â•â•â•â•â•â•â•â•â•â•â•â•â•â•â•â•â•â•â•â•â•â•â•â•â•â•â•â•â•â•â•â•â•â•â•â•â•â•â•â•â•â•â•â•â•—\n');
    fprintf('â•‘                  FINAL TEST REPORT                     â•‘\n');
    fprintf('â•šâ•â•â•â•â•â•â•â•â•â•â•â•â•â•â•â•â•â•â•â•â•â•â•â•â•â•â•â•â•â•â•â•â•â•â•â•â•â•â•â•â•â•â•â•â•â•â•â•â•â•â•â•â•â•â•â•â•\n\n');

    fprintf('Test Suites:\n');
    for i = 1:length(all_results.tests)
        test = all_results.tests{i};
        if strcmp(test.status, 'PASSED')
            fprintf('  âœ… %-30s %s\n', test.name, test.status);
        else
            fprintf('  âŒ %-30s %s\n', test.name, test.status);
        end
    end

    fprintf('\n');
    fprintf('Summary:\n');
    fprintf('  Total Test Suites:  %d\n', all_results.total);
    fprintf('  Passed:             %d\n', all_results.passed);
    fprintf('  Failed:             %d\n', all_results.failed);
    fprintf('  Success Rate:       %.1f%%\n', (all_results.passed / all_results.total) * 100);
    fprintf('  Duration:           %s\n', char(duration));

    fprintf('\n');
    if all_results.failed == 0
        fprintf('â•”â•â•â•â•â•â•â•â•â•â•â•â•â•â•â•â•â•â•â•â•â•â•â•â•â•â•â•â•â•â•â•â•â•â•â•â•â•â•â•â•â•â•â•â•â•â•â•â•â•â•â•â•â•â•â•â•â•—\n');
        fprintf('â•‘  ğŸ‰ ALL TESTS PASSED! SYSTEM IS READY FOR USE! ğŸ‰    â•‘\n');
        fprintf('â•šâ•â•â•â•â•â•â•â•â•â•â•â•â•â•â•â•â•â•â•â•â•â•â•â•â•â•â•â•â•â•â•â•â•â•â•â•â•â•â•â•â•â•â•â•â•â•â•â•â•â•â•â•â•â•â•â•â•\n\n');
    else
        fprintf('â•”â•â•â•â•â•â•â•â•â•â•â•â•â•â•â•â•â•â•â•â•â•â•â•â•â•â•â•â•â•â•â•â•â•â•â•â•â•â•â•â•â•â•â•â•â•â•â•â•â•â•â•â•â•â•â•â•â•—\n');
        fprintf('â•‘  âš ï¸  SOME TESTS FAILED - PLEASE REVIEW FAILURES âš ï¸    â•‘\n');
        fprintf('â•šâ•â•â•â•â•â•â•â•â•â•â•â•â•â•â•â•â•â•â•â•â•â•â•â•â•â•â•â•â•â•â•â•â•â•â•â•â•â•â•â•â•â•â•â•â•â•â•â•â•â•â•â•â•â•â•â•â•\n\n');
    end

    fprintf('Test completed at: %s\n\n', datestr(test_end_time));
end
